Mat Object: 5 MPI processes
  type: mpiaij
row 0: (0, 2.)  (1, -1.) 
row 1: (0, -1.)  (1, 2.)  (2, -1.) 
row 2: (1, -1.)  (2, 2.)  (3, -1.) 
row 3: (2, -1.)  (3, 2.)  (4, -1.) 
row 4: (3, -1.)  (4, 2.)  (5, -1.) 
row 5: (4, -1.)  (5, 2.)  (6, -1.) 
row 6: (5, -1.)  (6, 2.)  (7, -1.) 
row 7: (6, -1.)  (7, 2.)  (8, -1.) 
row 8: (7, -1.)  (8, 2.)  (9, -1.) 
row 9: (8, -1.)  (9, 2.) 
  0 KSP Residual norm 1.27475 
  1 KSP Residual norm 0.655856 
  2 KSP Residual norm 0.499797 
  3 KSP Residual norm 0.356929 
  4 KSP Residual norm 0.132518 
  5 KSP Residual norm < 1.e-11
Linear solve converged due to CONVERGED_RTOL iterations 5
KSP Object: 5 MPI processes
  type: gmres
    restart=30, using Modified Gram-Schmidt Orthogonalization
    happy breakdown tolerance 1e-30
  maximum iterations=1500, initial guess is zero
  tolerances:  relative=1e-10, absolute=1e-50, divergence=10000.
  left preconditioning
  using PRECONDITIONED norm type for convergence test
PC Object: 5 MPI processes
  type: asm
    total subdomain blocks = 5, amount of overlap = 1
    restriction/interpolation type - RESTRICT
    Local solver information for first block is in the following KSP and PC objects on rank 0:
    Use -ksp_view ::ascii_info_detail to display information for all blocks
  KSP Object: (sub_) 1 MPI processes
    type: richardson
      damping factor=1.
    maximum iterations=10000, initial guess is zero
    tolerances:  relative=1e-05, absolute=1e-50, divergence=10000.
    left preconditioning
    using PRECONDITIONED norm type for convergence test
  PC Object: (sub_) 1 MPI processes
    type: icc
      out-of-place factorization
      0 levels of fill
      tolerance for zero pivot 2.22045e-14
      using Manteuffel shift [POSITIVE_DEFINITE]
      matrix ordering: natural
      factor fill ratio given 1., needed 1.
        Factored matrix follows:
          Mat Object: 1 MPI processes
            type: seqsbaij
            rows=3, cols=3
            package used to perform factorization: petsc
            total: nonzeros=5, allocated nonzeros=5
                block size is 1
    linear system matrix = precond matrix:
    Mat Object: (sub_) 1 MPI processes
      type: seqaij
      rows=3, cols=3
      total: nonzeros=7, allocated nonzeros=7
      total number of mallocs used during MatSetValues calls=0
        not using I-node routines
  linear system matrix = precond matrix:
  Mat Object: 5 MPI processes
    type: mpiaij
    rows=10, cols=10
    total: nonzeros=28, allocated nonzeros=70
    total number of mallocs used during MatSetValues calls=0
      using I-node (on process 0) routines: found 1 nodes, limit used is 5
************************************************************************************************************************
***             WIDEN YOUR WINDOW TO 120 CHARACTERS.  Use 'enscript -r -fCourier9' to print this document            ***
************************************************************************************************************************

---------------------------------------------- PETSc Performance Summary: ----------------------------------------------

./ex5.out on a  named r01n04 with 5 processors, by mae-weimf Thu May 19 09:48:58 2022
Using Petsc Release Version 3.16.6, Mar 30, 2022 

                         Max       Max/Min     Avg       Total
Time (sec):           5.789e-01     1.010   5.768e-01
Objects:              7.600e+01     1.000   7.600e+01
Flop:                 6.300e+02     1.175   5.822e+02  2.911e+03
Flop/sec:             1.088e+03     1.175   1.009e+03  5.046e+03
MPI Messages:         5.500e+01     1.864   4.720e+01  2.360e+02
MPI Message Lengths:  5.060e+02     1.946   8.966e+00  2.116e+03
MPI Reductions:       8.200e+01     1.000

Flop counting convention: 1 flop = 1 real number operation of type (multiply/divide/add/subtract)
                            e.g., VecAXPY() for real vectors of length N --> 2N flop
                            and VecAXPY() for complex vectors of length N --> 8N flop

Summary of Stages:   ----- Time ------  ----- Flop ------  --- Messages ---  -- Message Lengths --  -- Reductions --
                        Avg     %Total     Avg     %Total    Count   %Total     Avg         %Total    Count   %Total
 0:      Main Stage: 5.6992e-01  98.8%  2.9110e+03 100.0%  2.360e+02 100.0%  8.966e+00      100.0%  6.400e+01  78.0%

------------------------------------------------------------------------------------------------------------------------
See the 'Profiling' chapter of the users' manual for details on interpreting output.
Phase summary info:
   Count: number of times phase was executed
   Time and Flop: Max - maximum over all processors
                  Ratio - ratio of maximum to minimum over all processors
   Mess: number of messages sent
   AvgLen: average message length (bytes)
   Reduct: number of global reductions
   Global: entire computation
   Stage: stages of a computation. Set stages with PetscLogStagePush() and PetscLogStagePop().
      %T - percent time in this phase         %F - percent flop in this phase
      %M - percent messages in this phase     %L - percent message lengths in this phase
      %R - percent reductions in this phase
   Total Mflop/s: 10e-6 * (sum of flop over all processors)/(max time over all processors)
------------------------------------------------------------------------------------------------------------------------
Event                Count      Time (sec)     Flop                              --- Global ---  --- Stage ----  Total
                   Max Ratio  Max     Ratio   Max  Ratio  Mess   AvgLen  Reduct  %T %F %M %L %R  %T %F %M %L %R Mflop/s
------------------------------------------------------------------------------------------------------------------------

--- Event Stage 0: Main Stage

BuildTwoSided          6 1.0 1.6627e-02 1.4 0.00e+00 0.0 1.6e+01 4.0e+00 4.0e+00  3  0  7  3  5   3  0  7  3  6     0
BuildTwoSidedF         2 1.0 1.3902e-02 2.0 0.00e+00 0.0 0.0e+00 0.0e+00 2.0e+00  2  0  0  0  2   2  0  0  0  3     0
VecDot                15 1.0 3.9217e-03 1.4 4.50e+01 1.0 0.0e+00 0.0e+00 1.5e+01  1  8  0  0 18   1  8  0  0 23     0
VecNorm               19 1.1 3.2594e-01 1.2 1.05e+02 1.2 0.0e+00 0.0e+00 7.0e+00 55 17  0  0  9  55 17  0  0 11     0
VecScale               6 1.0 7.9510e-0396.9 1.20e+01 1.0 0.0e+00 0.0e+00 0.0e+00  1  2  0  0  0   1  2  0  0  0     0
VecCopy                7 1.0 9.0599e-06 4.8 0.00e+00 0.0 0.0e+00 0.0e+00 0.0e+00  0  0  0  0  0   0  0  0  0  0     0
VecSet                30 1.0 2.1219e-05 1.8 0.00e+00 0.0 0.0e+00 0.0e+00 0.0e+00  0  0  0  0  0   0  0  0  0  0     0
VecAXPY               23 1.1 4.1713e-021666.3 1.08e+02 1.1 0.0e+00 0.0e+00 0.0e+00  1 18  0  0  0   1 18  0  0  0     0
VecAYPX                6 1.5 6.9141e-06 3.6 2.00e+01 1.2 0.0e+00 0.0e+00 0.0e+00  0  3  0  0  0   0  3  0  0  0    13
VecMAXPY               1 1.0 1.1921e-06 0.0 2.00e+01 0.0 0.0e+00 0.0e+00 0.0e+00  0  3  0  0  0   0  3  0  0  0    84
VecScatterBegin       30 1.0 2.6313e-02 2.0 0.00e+00 0.0 1.3e+02 7.0e+00 2.0e+00  3  0 54 42  2   3  0 54 42  3     0
VecScatterEnd         30 1.0 1.4802e-02174.4 0.00e+00 0.0 0.0e+00 0.0e+00 0.0e+00  1  0  0  0  0   1  0  0  0  0     0
VecNormalize           6 1.0 1.6308e-02128.6 3.60e+01 1.0 0.0e+00 0.0e+00 6.0e+00  2  6  0  0  7   2  6  0  0  9     0
MatMult               12 1.2 2.2995e-02 1.4 1.40e+02 1.2 6.4e+01 7.0e+00 1.0e+00  3 22 27 21  1   3 22 27 21  2     0
MatSolve              12 1.2 1.4067e-05 3.7 1.76e+02 1.3 0.0e+00 0.0e+00 0.0e+00  0 27  0  0  0   0 27  0  0  0    55
MatCholFctrNum         1 1.0 1.2875e-05 3.2 4.00e+00 1.3 0.0e+00 0.0e+00 0.0e+00  0  1  0  0  0   0  1  0  0  0     1
MatICCFactorSym        1 1.0 1.9073e-05 2.8 0.00e+00 0.0 0.0e+00 0.0e+00 0.0e+00  0  0  0  0  0   0  0  0  0  0     0
MatAssemblyBegin       4 1.0 1.3940e-02 2.0 0.00e+00 0.0 0.0e+00 0.0e+00 2.0e+00  2  0  0  0  2   2  0  0  0  3     0
MatAssemblyEnd         4 1.0 3.2998e-02 1.1 0.00e+00 0.0 0.0e+00 0.0e+00 9.0e+00  5  0  0  0 11   5  0  0  0 14     0
MatGetRowIJ            1 1.0 6.9141e-06 7.2 0.00e+00 0.0 0.0e+00 0.0e+00 0.0e+00  0  0  0  0  0   0  0  0  0  0     0
MatCreateSubMats       1 1.0 4.9109e-03 2.5 0.00e+00 0.0 4.0e+01 1.4e+01 1.0e+00  1  0 17 27  1   1  0 17 27  2     0
MatCreateSubMat        1 1.0 4.4982e-02 1.1 0.00e+00 0.0 2.0e+01 2.3e+01 1.4e+01  7  0  8 21 17   7  0  8 21 22     0
MatGetOrdering         1 1.0 2.0981e-05 2.3 0.00e+00 0.0 0.0e+00 0.0e+00 0.0e+00  0  0  0  0  0   0  0  0  0  0     0
MatIncreaseOvrlp       1 1.0 2.2904e-02341.9 0.00e+00 0.0 0.0e+00 0.0e+00 1.0e+00  2  0  0  0  1   2  0  0  0  2     0
MatView                4 2.0 7.3001e-02 1.2 0.00e+00 0.0 2.8e+01 1.7e+01 2.0e+01 12  0 12 23 24  12  0 12 23 31     0
SFSetGraph             5 1.0 3.0994e-06 3.2 0.00e+00 0.0 0.0e+00 0.0e+00 0.0e+00  0  0  0  0  0   0  0  0  0  0     0
SFSetUp                4 1.0 1.7396e-02 1.4 0.00e+00 0.0 3.2e+01 4.0e+00 2.0e+00  3  0 14  6  2   3  0 14  6  3     0
SFReduceBegin          6 1.0 7.8678e-06 2.4 0.00e+00 0.0 0.0e+00 0.0e+00 0.0e+00  0  0  0  0  0   0  0  0  0  0     0
SFReduceEnd            6 1.0 3.0994e-06 3.2 0.00e+00 0.0 0.0e+00 0.0e+00 0.0e+00  0  0  0  0  0   0  0  0  0  0     0
SFPack                30 1.0 4.7684e-06 2.5 0.00e+00 0.0 0.0e+00 0.0e+00 0.0e+00  0  0  0  0  0   0  0  0  0  0     0
SFUnpack              30 1.0 5.9605e-06 2.8 0.00e+00 0.0 0.0e+00 0.0e+00 0.0e+00  0  0  0  0  0   0  0  0  0  0     0
KSPSetUp               2 1.0 3.6955e-05 1.5 0.00e+00 0.0 0.0e+00 0.0e+00 0.0e+00  0  0  0  0  0   0  0  0  0  0     0
KSPSolve               1 1.0 3.4748e-01 1.0 6.08e+02 1.2 1.1e+02 7.1e+00 2.2e+01 59 96 47 38 27  60 96 47 38 34     0
KSPGMRESOrthog         5 1.0 3.9279e-03 1.4 1.05e+02 1.0 0.0e+00 0.0e+00 1.5e+01  1 18  0  0 18   1 18  0  0 23     0
PCSetUp                2 1.0 4.1335e-02 1.2 4.00e+00 1.3 4.0e+01 1.4e+01 7.0e+00  7  1 17 27  9   7  1 17 27 11     0
PCSetUpOnBlocks        1 1.0 1.6689e-04 2.3 4.00e+00 1.3 0.0e+00 0.0e+00 0.0e+00  0  1  0  0  0   0  1  0  0  0     0
PCApply                6 1.0 3.2757e-01 1.1 3.93e+02 1.3 6.4e+01 7.0e+00 1.0e+00 55 60 27 21  1  56 60 27 21  2     0
PCApplyOnBlocks        6 1.0 3.1797e-01 1.0 3.93e+02 1.3 0.0e+00 0.0e+00 0.0e+00 54 60  0  0  0  55 60  0  0  0     0
------------------------------------------------------------------------------------------------------------------------

Memory usage is given in bytes:

Object Type          Creations   Destructions     Memory  Descendants' Mem.
Reports information only for process 0.

--- Event Stage 0: Main Stage

              Vector    31             31        53640     0.
              Matrix    10             10        34264     0.
           Index Set    16             16        14396     0.
   IS L to G Mapping     1              1          696     0.
   Star Forest Graph     7              7         8112     0.
              Viewer     4              3         2520     0.
       Krylov Solver     2              2        20456     0.
      Preconditioner     2              2         2024     0.
    Distributed Mesh     1              1         5048     0.
     Discrete System     1              1          896     0.
           Weak Form     1              1          616     0.
========================================================================================================================
Average time to get PetscTime(): 0.
Average time for MPI_Barrier(): 0.00179458
Average time for zero size MPI_Send(): 6.00815e-06
#PETSc Option Table entries:
-ksp_atol 1.0e-50
-ksp_converged_reason
-ksp_gmres_modifiedgramschmidt
-ksp_gmres_restart 30
-ksp_max_it 1500
-ksp_monitor_short
-ksp_rtol 1.0e-10
-ksp_type gmres
-ksp_view
-log_view
-pc_type asm
-sub_ksp_type richardson
-sub_pc_type icc
#End of PETSc Option Table entries
Compiled without FORTRAN kernels
Compiled with full precision matrices (default)
sizeof(short) 2 sizeof(int) 4 sizeof(long) 8 sizeof(void*) 8 sizeof(PetscScalar) 8 sizeof(PetscInt) 4
Configure options: --with-mpi-dir=/share/intel/2018u4/compilers_and_libraries_2018.5.274/linux/mpi/intel64/ --with-blaslapack-dir=/share/intel/2018u4/compilers_and_libraries_2018.5.274/linux/mkl --with-debugging=no --prefix=/work/mae-weimf/lib/petsc-3.16.6-opt --download-hypre=/work/mae-weimf/petsc-3.16.6-extlibs/hypre-2.23.0.tar.gz --download-mumps=/work/mae-weimf/petsc-3.16.6-extlibs/petsc-pkg-mumps-6d1470374d32.tar.gz --download-metis=/work/mae-weimf/petsc-3.16.6-extlibs/petsc-pkg-metis-c8d2dc1e751e.tar.gz --download-hdf5=/work/mae-weimf/petsc-3.16.6-extlibs/hdf5-1.12.1.tar.bz2 COPTFLAGS="-O3 -march=native -mtune=native" CXXOPTFLAGS="-O3 -march=native -mtune=native" FOPTFLAGS="-O3 -march=native -mtune=native" --with-scalapack-include=/share/intel/2018u4/compilers_and_libraries_2018.5.274/linux/mkl/include --with-scalapack-lib="-L/share/intel/2018u4/compilers_and_libraries_2018.5.274/linux/mkl/lib/intel64/ -lmkl_blacs_intelmpi_lp64 -lmkl_scalapack_lp64"
-----------------------------------------
Libraries compiled on 2022-04-30 08:47:12 on login02 
Machine characteristics: Linux-3.10.0-862.el7.x86_64-x86_64-with-redhat-7.5-Maipo
Using PETSc directory: /work/mae-weimf/lib/petsc-3.16.6-opt
Using PETSc arch: 
-----------------------------------------

Using C compiler: /share/intel/2018u4/compilers_and_libraries_2018.5.274/linux/mpi/intel64/bin/mpicc  -fPIC -Wall -Wwrite-strings -Wno-strict-aliasing -Wno-unknown-pragmas -fstack-protector -fvisibility=hidden -O3 -march=native -mtune=native  -std=c99 
Using Fortran compiler: /share/intel/2018u4/compilers_and_libraries_2018.5.274/linux/mpi/intel64/bin/mpif90  -fPIC -Wall -ffree-line-length-0 -Wno-unused-dummy-argument -O3 -march=native -mtune=native     -std=c99
-----------------------------------------

Using include paths: -I/work/mae-weimf/lib/petsc-3.16.6-opt/include -I/share/intel/2018u4/compilers_and_libraries_2018.5.274/linux/mkl/include -I/share/intel/2018u4/compilers_and_libraries_2018.5.274/linux/mpi/intel64/include
-----------------------------------------

Using C linker: /share/intel/2018u4/compilers_and_libraries_2018.5.274/linux/mpi/intel64/bin/mpicc
Using Fortran linker: /share/intel/2018u4/compilers_and_libraries_2018.5.274/linux/mpi/intel64/bin/mpif90
Using libraries: -Wl,-rpath,/work/mae-weimf/lib/petsc-3.16.6-opt/lib -L/work/mae-weimf/lib/petsc-3.16.6-opt/lib -lpetsc -Wl,-rpath,/work/mae-weimf/lib/petsc-3.16.6-opt/lib -L/work/mae-weimf/lib/petsc-3.16.6-opt/lib -L/share/intel/2018u4/compilers_and_libraries_2018.5.274/linux/mkl/lib/intel64/ -Wl,-rpath,/share/intel/2018u4/compilers_and_libraries_2018.5.274/linux/mkl/lib/intel64 -L/share/intel/2018u4/compilers_and_libraries_2018.5.274/linux/mkl/lib/intel64 -Wl,-rpath,/share/intel/2018u4/compilers_and_libraries_2018.5.274/linux/mpi/intel64/lib/release_mt -L/share/intel/2018u4/compilers_and_libraries_2018.5.274/linux/mpi/intel64/lib/release_mt -Wl,-rpath,/share/intel/2018u4/compilers_and_libraries_2018.5.274/linux/mpi/intel64/lib -L/share/intel/2018u4/compilers_and_libraries_2018.5.274/linux/mpi/intel64/lib -Wl,-rpath,/usr/lib/gcc/x86_64-redhat-linux/4.8.5 -L/usr/lib/gcc/x86_64-redhat-linux/4.8.5 -Wl,-rpath,/opt/intel/mpi-rt/2017.0.0/intel64/lib/release_mt -Wl,-rpath,/opt/intel/mpi-rt/2017.0.0/intel64/lib -lHYPRE -lcmumps -ldmumps -lsmumps -lzmumps -lmumps_common -lpord -lmkl_blacs_intelmpi_lp64 -lmkl_scalapack_lp64 -lmkl_intel_lp64 -lmkl_core -lmkl_sequential -lpthread -lhdf5_hl -lhdf5 -lmetis -lm -lX11 -lstdc++ -ldl -lmpifort -lmpi -lmpigi -lrt -lpthread -lgfortran -lm -lgfortran -lm -lgcc_s -lquadmath -lstdc++ -ldl
-----------------------------------------

